2025-04-24 17:58:45 [ERROR] - MT5 initialization failed. Retrying...
2025-04-25 17:24:04 [INFO] - Logged in as 5035498531 (Balance: 10000.0)
2025-04-25 17:24:04 [INFO] - Trading on EURUSD (5)
2025-04-25 17:24:04 [ERROR] - Failed to load best parameters: [Errno 2] No such file or directory: '../backtester/best_params.json'
2025-04-25 17:26:18 [INFO] - Logged in as 5035498531 (Balance: 10000.0)
2025-04-25 17:26:18 [INFO] - Trading on EURUSD (5)
2025-04-25 17:26:18 [INFO] - Loaded best parameters: {'supertrend_period': 5, 'supertrend_multiplier': 5, 'adx_period': 10, 'adx_threshold': 20, 'rsi_period': 10, 'rsi_oversold': 25, 'rsi_overbought': 70}
2025-04-25 17:26:19 [INFO] -                         open     high      low    close  ...  SUPERTs_5_5.0  supertrend_signal        adx        rsi
time                                                     ...                                                        
2025-04-25 17:05:00  1.13600  1.13623  1.13588  1.13604  ...       1.136859               sell  36.615214  67.783486
2025-04-25 17:10:00  1.13603  1.13710  1.13576  1.13638  ...       1.136859               sell  37.578260  71.145113
2025-04-25 17:15:00  1.13643  1.13659  1.13582  1.13608  ...       1.136859               sell  38.445001  64.542489
2025-04-25 17:20:00  1.13608  1.13668  1.13572  1.13617  ...       1.136859               sell  38.765984  65.606454
2025-04-25 17:25:00  1.13617  1.13638  1.13610  1.13622  ...       1.136859               sell  39.054869  66.231929

[5 rows x 14 columns]
2025-04-25 17:26:19 [INFO] - SuperTrend: sell, ADX: 39.054869222392014, RSI: 66.23192908908906, Price: 1.13622
2025-04-25 17:26:19 [INFO] - Sending trade request: {
    "action": 1,
    "symbol": "EURUSD",
    "volume": 0.3,
    "type": 1,
    "price": 1.13622,
    "sl": 1.13672,
    "tp": 0,
    "deviation": 50,
    "magic": 123456,
    "comment": "AutoTrade",
    "type_time": 0,
    "type_filling": 1
}
2025-04-25 17:26:19 [ERROR] - Trade attempt 1 failed. Broker rejection. Error: (-2, 'Invalid "tp" argument')
2025-04-25 17:26:21 [ERROR] - Trade attempt 2 failed. Broker rejection. Error: (-2, 'Invalid "tp" argument')
2025-04-25 17:26:23 [ERROR] - Trade attempt 3 failed. Broker rejection. Error: (-2, 'Invalid "tp" argument')
2025-04-25 17:26:25 [INFO] - No open positions.
2025-04-25 17:28:04 [INFO] - Logged in as 5035498531 (Balance: 10000.0)
2025-04-25 17:28:04 [INFO] - Trading on EURUSD (5)
2025-04-25 17:28:04 [INFO] - Loaded best parameters: {'supertrend_period': 5, 'supertrend_multiplier': 5, 'adx_period': 10, 'adx_threshold': 20, 'rsi_period': 10, 'rsi_oversold': 25, 'rsi_overbought': 70}
2025-04-25 17:28:04 [INFO] -                         open     high      low    close  tick_volume  spread  real_volume  SUPERT_5_5.0  SUPERTd_5_5.0  SUPERTl_5_5.0  SUPERTs_5_5.0 supertrend_signal        adx        rsi
time                                                                                                                                                                                        
2025-04-25 17:05:00  1.13600  1.13623  1.13588  1.13604          433       8            0      1.136859             -1       1.133883       1.136859              sell  36.615214  67.783486
2025-04-25 17:10:00  1.13603  1.13710  1.13576  1.13638          453       8            0      1.136859             -1       1.133883       1.136859              sell  37.578260  71.145113
2025-04-25 17:15:00  1.13643  1.13659  1.13582  1.13608          380       8            0      1.136859             -1       1.133883       1.136859              sell  38.445001  64.542489
2025-04-25 17:20:00  1.13608  1.13668  1.13572  1.13617          495       8            0      1.136859             -1       1.133883       1.136859              sell  38.765984  65.606454
2025-04-25 17:25:00  1.13617  1.13672  1.13610  1.13665          275       8            0      1.136859             -1       1.133883       1.136859              sell  39.135150  70.798924
2025-04-25 17:28:04 [INFO] - SuperTrend: sell, ADX: 39.135150493055036, RSI: 70.79892394201168, Price: 1.13665
2025-04-25 17:28:04 [INFO] - No open positions.
2025-04-25 17:28:34 [INFO] -                         open     high      low    close  tick_volume  spread  real_volume  SUPERT_5_5.0  SUPERTd_5_5.0  SUPERTl_5_5.0  SUPERTs_5_5.0 supertrend_signal        adx        rsi
time                                                                                                                                                                                        
2025-04-25 17:05:00  1.13600  1.13623  1.13588  1.13604          433       8            0      1.136859             -1       1.133883       1.136859              sell  36.615214  67.783486
2025-04-25 17:10:00  1.13603  1.13710  1.13576  1.13638          453       8            0      1.136859             -1       1.133883       1.136859              sell  37.578260  71.145113
2025-04-25 17:15:00  1.13643  1.13659  1.13582  1.13608          380       8            0      1.136859             -1       1.133883       1.136859              sell  38.445001  64.542489
2025-04-25 17:20:00  1.13608  1.13668  1.13572  1.13617          495       8            0      1.136859             -1       1.133883       1.136859              sell  38.765984  65.606454
2025-04-25 17:25:00  1.13617  1.13680  1.13610  1.13679          350       8            0      1.136859             -1       1.133883       1.136859              sell  39.289263  72.030520
2025-04-25 17:28:34 [INFO] - SuperTrend: sell, ADX: 39.2892626618327, RSI: 72.03051987264641, Price: 1.13679
2025-04-25 17:28:34 [INFO] - No open positions.
2025-04-25 17:29:05 [INFO] -                         open     high      low    close  tick_volume  spread  real_volume  SUPERT_5_5.0  SUPERTd_5_5.0  SUPERTl_5_5.0  SUPERTs_5_5.0 supertrend_signal        adx        rsi
time                                                                                                                                                                                        
2025-04-25 17:05:00  1.13600  1.13623  1.13588  1.13604          433       8            0      1.136859             -1       1.133883       1.136859              sell  36.615214  67.783486
2025-04-25 17:10:00  1.13603  1.13710  1.13576  1.13638          453       8            0      1.136859             -1       1.133883       1.136859              sell  37.578260  71.145113
2025-04-25 17:15:00  1.13643  1.13659  1.13582  1.13608          380       8            0      1.136859             -1       1.133883       1.136859              sell  38.445001  64.542489
2025-04-25 17:20:00  1.13608  1.13668  1.13572  1.13617          495       8            0      1.136859             -1       1.133883       1.136859              sell  38.765984  65.606454
2025-04-25 17:25:00  1.13617  1.13691  1.13610  1.13689          398       8            0      1.132455              1       1.132455            NaN               buy  39.488167  72.848486
2025-04-25 17:29:05 [INFO] - SuperTrend: hold, ADX: 39.488166791851896, RSI: 72.84848615710472, Price: 1.13689
2025-04-25 17:29:05 [INFO] - No open positions.
2025-04-25 17:29:35 [INFO] -                         open     high      low    close  tick_volume  spread  real_volume  SUPERT_5_5.0  SUPERTd_5_5.0  SUPERTl_5_5.0  SUPERTs_5_5.0 supertrend_signal        adx        rsi
time                                                                                                                                                                                        
2025-04-25 17:05:00  1.13600  1.13623  1.13588  1.13604          433       8            0      1.136859             -1       1.133883       1.136859              sell  36.615214  67.783486
2025-04-25 17:10:00  1.13603  1.13710  1.13576  1.13638          453       8            0      1.136859             -1       1.133883       1.136859              sell  37.578260  71.145113
2025-04-25 17:15:00  1.13643  1.13659  1.13582  1.13608          380       8            0      1.136859             -1       1.133883       1.136859              sell  38.445001  64.542489
2025-04-25 17:20:00  1.13608  1.13668  1.13572  1.13617          495       8            0      1.136859             -1       1.133883       1.136859              sell  38.765984  65.606454
2025-04-25 17:25:00  1.13617  1.13693  1.13610  1.13691          453       8            0      1.132445              1       1.132445            NaN               buy  39.522823  73.006372
2025-04-25 17:29:35 [INFO] - SuperTrend: hold, ADX: 39.52282289753582, RSI: 73.00637166497158, Price: 1.13691
2025-04-25 17:29:35 [INFO] - No open positions.
2025-04-25 17:30:05 [INFO] -                         open     high      low    close  tick_volume  spread  real_volume  SUPERT_5_5.0  SUPERTd_5_5.0  SUPERTl_5_5.0  SUPERTs_5_5.0 supertrend_signal        adx        rsi
time                                                                                                                                                                                        
2025-04-25 17:10:00  1.13603  1.13710  1.13576  1.13638          453       8            0      1.136859             -1       1.133883       1.136859              sell  37.578260  71.145113
2025-04-25 17:15:00  1.13643  1.13659  1.13582  1.13608          380       8            0      1.136859             -1       1.133883       1.136859              sell  38.445001  64.542489
2025-04-25 17:20:00  1.13608  1.13668  1.13572  1.13617          495       8            0      1.136859             -1       1.133883       1.136859              sell  38.765984  65.606454
2025-04-25 17:25:00  1.13617  1.13693  1.13610  1.13690          501       8            0      1.132445              1       1.132445            NaN               buy  39.522823  72.927659
2025-04-25 17:30:00  1.13689  1.13692  1.13687  1.13688           13      11            0      1.133589              1       1.133589            NaN               buy  40.203978  72.458136
2025-04-25 17:30:05 [INFO] - SuperTrend: buy, ADX: 40.20397759035777, RSI: 72.45813552238296, Price: 1.1368800000000001
2025-04-25 17:30:05 [INFO] - No open positions.
2025-04-25 17:30:36 [INFO] -                         open     high      low    close  tick_volume  spread  real_volume  SUPERT_5_5.0  SUPERTd_5_5.0  SUPERTl_5_5.0  SUPERTs_5_5.0 supertrend_signal        adx        rsi
time                                                                                                                                                                                        
2025-04-25 17:10:00  1.13603  1.13710  1.13576  1.13638          453       8            0      1.136859             -1       1.133883       1.136859              sell  37.578260  71.145113
2025-04-25 17:15:00  1.13643  1.13659  1.13582  1.13608          380       8            0      1.136859             -1       1.133883       1.136859              sell  38.445001  64.542489
2025-04-25 17:20:00  1.13608  1.13668  1.13572  1.13617          495       8            0      1.136859             -1       1.133883       1.136859              sell  38.765984  65.606454
2025-04-25 17:25:00  1.13617  1.13693  1.13610  1.13690          501       8            0      1.132445              1       1.132445            NaN               buy  39.522823  72.927659
2025-04-25 17:30:00  1.13689  1.13693  1.13681  1.13681           56      10            0      1.133494              1       1.133494            NaN               buy  40.203978  70.861364
2025-04-25 17:30:36 [INFO] - SuperTrend: buy, ADX: 40.20397759035777, RSI: 70.8613643201818, Price: 1.13681
2025-04-25 17:30:36 [INFO] - No open positions.
2025-04-25 17:31:06 [INFO] -                         open     high      low    close  tick_volume  spread  real_volume  SUPERT_5_5.0  SUPERTd_5_5.0  SUPERTl_5_5.0  SUPERTs_5_5.0 supertrend_signal        adx        rsi
time                                                                                                                                                                                        
2025-04-25 17:10:00  1.13603  1.13710  1.13576  1.13638          453       8            0      1.136859             -1       1.133883       1.136859              sell  37.578260  71.145113
2025-04-25 17:15:00  1.13643  1.13659  1.13582  1.13608          380       8            0      1.136859             -1       1.133883       1.136859              sell  38.445001  64.542489
2025-04-25 17:20:00  1.13608  1.13668  1.13572  1.13617          495       8            0      1.136859             -1       1.133883       1.136859              sell  38.765984  65.606454
2025-04-25 17:25:00  1.13617  1.13693  1.13610  1.13690          501       8            0      1.132445              1       1.132445            NaN               buy  39.522823  72.927659
2025-04-25 17:30:00  1.13689  1.13693  1.13674  1.13674           96       9            0      1.133389              1       1.133389            NaN               buy  40.203978  69.333452
2025-04-25 17:31:06 [INFO] - SuperTrend: buy, ADX: 40.20397759035777, RSI: 69.33345224926444, Price: 1.13674
2025-04-25 17:31:06 [INFO] - Sending trade request: {
    "action": 1,
    "symbol": "EURUSD",
    "volume": 0.3,
    "type": 0,
    "price": 1.1368800000000001,
    "sl": 1.13638,
    "tp": 0.0,
    "deviation": 50,
    "magic": 123456,
    "comment": "AutoTrade",
    "type_time": 0,
    "type_filling": 1
}
2025-04-25 17:31:06 [INFO] - MT5 Trade Response (Attempt 1): {'retcode': 10009, 'deal': 52388334413, 'order': 52438218772, 'volume': 0.3, 'price': 1.1368800000000001, 'bid': 1.13676, 'ask': 1.1368800000000001, 'comment': 'Request executed', 'request_id': 431452661, 'retcode_external': 0, 'request': TradeRequest(action=1, magic=123456, order=0, symbol='EURUSD', volume=0.3, price=1.1368800000000001, stoplimit=0.0, sl=1.13638, tp=0.0, deviation=50, type=0, type_filling=1, type_time=0, expiration=0, comment='AutoTrade', position=0, position_by=0)}
2025-04-25 17:31:06 [INFO] - Trade executed: BUY EURUSD at 1.1368800000000001
2025-04-25 17:31:37 [INFO] -                         open     high      low    close  tick_volume  spread  real_volume  SUPERT_5_5.0  SUPERTd_5_5.0  SUPERTl_5_5.0  SUPERTs_5_5.0 supertrend_signal        adx        rsi
time                                                                                                                                                                                        
2025-04-25 17:10:00  1.13603  1.13710  1.13576  1.13638          453       8            0      1.136859             -1       1.133883       1.136859              sell  37.578260  71.145113
2025-04-25 17:15:00  1.13643  1.13659  1.13582  1.13608          380       8            0      1.136859             -1       1.133883       1.136859              sell  38.445001  64.542489
2025-04-25 17:20:00  1.13608  1.13668  1.13572  1.13617          495       8            0      1.136859             -1       1.133883       1.136859              sell  38.765984  65.606454
2025-04-25 17:25:00  1.13617  1.13693  1.13610  1.13690          501       8            0      1.132445              1       1.132445            NaN               buy  39.522823  72.927659
2025-04-25 17:30:00  1.13689  1.13693  1.13674  1.13679          135       9            0      1.133389              1       1.133389            NaN               buy  40.203978  70.417989
2025-04-25 17:31:37 [INFO] - SuperTrend: buy, ADX: 40.20397759035777, RSI: 70.41798941017481, Price: 1.13679
2025-04-25 17:32:07 [INFO] -                         open     high      low    close  tick_volume  spread  real_volume  SUPERT_5_5.0  SUPERTd_5_5.0  SUPERTl_5_5.0  SUPERTs_5_5.0 supertrend_signal        adx        rsi
time                                                                                                                                                                                        
2025-04-25 17:10:00  1.13603  1.13710  1.13576  1.13638          453       8            0      1.136859             -1       1.133883       1.136859              sell  37.578260  71.145113
2025-04-25 17:15:00  1.13643  1.13659  1.13582  1.13608          380       8            0      1.136859             -1       1.133883       1.136859              sell  38.445001  64.542489
2025-04-25 17:20:00  1.13608  1.13668  1.13572  1.13617          495       8            0      1.136859             -1       1.133883       1.136859              sell  38.765984  65.606454
2025-04-25 17:25:00  1.13617  1.13693  1.13610  1.13690          501       8            0      1.132445              1       1.132445            NaN               buy  39.522823  72.927659
2025-04-25 17:30:00  1.13689  1.13693  1.13668  1.13668          177       9            0      1.133299              1       1.133299            NaN               buy  40.203978  68.075304
2025-04-25 17:32:07 [INFO] - SuperTrend: buy, ADX: 40.20397759035777, RSI: 68.0753044709846, Price: 1.13668
2025-04-25 17:32:07 [INFO] - Sending trade request: {
    "action": 1,
    "symbol": "EURUSD",
    "volume": 0.3,
    "type": 0,
    "price": 1.13681,
    "sl": 1.13631,
    "tp": 0.0,
    "deviation": 50,
    "magic": 123456,
    "comment": "AutoTrade",
    "type_time": 0,
    "type_filling": 1
}
2025-04-25 17:32:07 [INFO] - MT5 Trade Response (Attempt 1): {'retcode': 10009, 'deal': 52388339712, 'order': 52438224098, 'volume': 0.3, 'price': 1.13681, 'bid': 1.13668, 'ask': 1.13681, 'comment': 'Request executed', 'request_id': 431452662, 'retcode_external': 0, 'request': TradeRequest(action=1, magic=123456, order=0, symbol='EURUSD', volume=0.3, price=1.13681, stoplimit=0.0, sl=1.13631, tp=0.0, deviation=50, type=0, type_filling=1, type_time=0, expiration=0, comment='AutoTrade', position=0, position_by=0)}
2025-04-25 17:32:07 [INFO] - Trade executed: BUY EURUSD at 1.13681
2025-04-25 17:32:38 [INFO] -                         open     high      low    close  tick_volume  spread  real_volume  SUPERT_5_5.0  SUPERTd_5_5.0  SUPERTl_5_5.0  SUPERTs_5_5.0 supertrend_signal        adx        rsi
time                                                                                                                                                                                        
2025-04-25 17:10:00  1.13603  1.13710  1.13576  1.13638          453       8            0      1.136859             -1       1.133883       1.136859              sell  37.578260  71.145113
2025-04-25 17:15:00  1.13643  1.13659  1.13582  1.13608          380       8            0      1.136859             -1       1.133883       1.136859              sell  38.445001  64.542489
2025-04-25 17:20:00  1.13608  1.13668  1.13572  1.13617          495       8            0      1.136859             -1       1.133883       1.136859              sell  38.765984  65.606454
2025-04-25 17:25:00  1.13617  1.13693  1.13610  1.13690          501       8            0      1.132445              1       1.132445            NaN               buy  39.522823  72.927659
2025-04-25 17:30:00  1.13689  1.13693  1.13657  1.13659          211       9            0      1.133134              1       1.133134            NaN               buy  40.203978  66.271430
2025-04-25 17:32:38 [INFO] - SuperTrend: buy, ADX: 40.20397759035777, RSI: 66.27142952080277, Price: 1.13659
2025-04-25 17:32:38 [INFO] - Sending trade request: {
    "action": 1,
    "symbol": "EURUSD",
    "volume": 0.3,
    "type": 0,
    "price": 1.1367,
    "sl": 1.1362,
    "tp": 0.0,
    "deviation": 50,
    "magic": 123456,
    "comment": "AutoTrade",
    "type_time": 0,
    "type_filling": 1
}
2025-04-25 17:32:38 [INFO] - MT5 Trade Response (Attempt 1): {'retcode': 10004, 'deal': 0, 'order': 0, 'volume': 0.0, 'price': 0.0, 'bid': 1.13657, 'ask': 1.13669, 'comment': 'Requote', 'request_id': 431452663, 'retcode_external': 0, 'request': TradeRequest(action=1, magic=123456, order=0, symbol='EURUSD', volume=0.3, price=1.1367, stoplimit=0.0, sl=1.1362, tp=0.0, deviation=50, type=0, type_filling=1, type_time=0, expiration=0, comment='AutoTrade', position=0, position_by=0)}
2025-04-25 17:32:38 [ERROR] - Trade failed (Attempt 1): Retcode 10004 - Requote
2025-04-25 17:32:40 [INFO] - MT5 Trade Response (Attempt 2): {'retcode': 10009, 'deal': 52388342617, 'order': 52438227016, 'volume': 0.3, 'price': 1.1367, 'bid': 1.13657, 'ask': 1.1367, 'comment': 'Request executed', 'request_id': 431452664, 'retcode_external': 0, 'request': TradeRequest(action=1, magic=123456, order=0, symbol='EURUSD', volume=0.3, price=1.1367, stoplimit=0.0, sl=1.1362, tp=0.0, deviation=50, type=0, type_filling=1, type_time=0, expiration=0, comment='AutoTrade', position=0, position_by=0)}
2025-04-25 17:32:40 [INFO] - Trade executed: BUY EURUSD at 1.1367
2025-04-25 17:33:10 [INFO] -                         open     high      low    close  tick_volume  spread  real_volume  SUPERT_5_5.0  SUPERTd_5_5.0  SUPERTl_5_5.0  SUPERTs_5_5.0 supertrend_signal        adx        rsi
time                                                                                                                                                                                        
2025-04-25 17:10:00  1.13603  1.13710  1.13576  1.13638          453       8            0      1.136859             -1       1.133883       1.136859              sell  37.578260  71.145113
2025-04-25 17:15:00  1.13643  1.13659  1.13582  1.13608          380       8            0      1.136859             -1       1.133883       1.136859              sell  38.445001  64.542489
2025-04-25 17:20:00  1.13608  1.13668  1.13572  1.13617          495       8            0      1.136859             -1       1.133883       1.136859              sell  38.765984  65.606454
2025-04-25 17:25:00  1.13617  1.13693  1.13610  1.13690          501       8            0      1.132445              1       1.132445            NaN               buy  39.522823  72.927659
2025-04-25 17:30:00  1.13689  1.13693  1.13643  1.13688          264       9            0      1.132924              1       1.132924            NaN               buy  40.203978  72.458136
2025-04-25 17:33:10 [INFO] - SuperTrend: buy, ADX: 40.20397759035777, RSI: 72.45813552238296, Price: 1.1368800000000001
2025-04-25 17:33:40 [INFO] -                         open     high      low    close  tick_volume  spread  real_volume  SUPERT_5_5.0  SUPERTd_5_5.0  SUPERTl_5_5.0  SUPERTs_5_5.0 supertrend_signal        adx        rsi
time                                                                                                                                                                                        
2025-04-25 17:10:00  1.13603  1.13710  1.13576  1.13638          453       8            0      1.136859             -1       1.133883       1.136859              sell  37.578260  71.145113
2025-04-25 17:15:00  1.13643  1.13659  1.13582  1.13608          380       8            0      1.136859             -1       1.133883       1.136859              sell  38.445001  64.542489
2025-04-25 17:20:00  1.13608  1.13668  1.13572  1.13617          495       8            0      1.136859             -1       1.133883       1.136859              sell  38.765984  65.606454
2025-04-25 17:25:00  1.13617  1.13693  1.13610  1.13690          501       8            0      1.132445              1       1.132445            NaN               buy  39.522823  72.927659
2025-04-25 17:30:00  1.13689  1.13693  1.13643  1.13686          311       9            0      1.132924              1       1.132924            NaN               buy  40.203978  71.994619
2025-04-25 17:33:40 [INFO] - SuperTrend: buy, ADX: 40.20397759035777, RSI: 71.99461904699356, Price: 1.13686
2025-04-25 17:34:11 [INFO] -                         open     high      low    close  tick_volume  spread  real_volume  SUPERT_5_5.0  SUPERTd_5_5.0  SUPERTl_5_5.0  SUPERTs_5_5.0 supertrend_signal        adx        rsi
time                                                                                                                                                                                        
2025-04-25 17:10:00  1.13603  1.13710  1.13576  1.13638          453       8            0      1.136859             -1       1.133883       1.136859              sell  37.578260  71.145113
2025-04-25 17:15:00  1.13643  1.13659  1.13582  1.13608          380       8            0      1.136859             -1       1.133883       1.136859              sell  38.445001  64.542489
2025-04-25 17:20:00  1.13608  1.13668  1.13572  1.13617          495       8            0      1.136859             -1       1.133883       1.136859              sell  38.765984  65.606454
2025-04-25 17:25:00  1.13617  1.13693  1.13610  1.13690          501       8            0      1.132445              1       1.132445            NaN               buy  39.522823  72.927659
2025-04-25 17:30:00  1.13689  1.13704  1.13643  1.13703          354       8            0      1.132869              1       1.132869            NaN               buy  40.406466  74.021847
2025-04-25 17:34:11 [INFO] - SuperTrend: buy, ADX: 40.40646621600478, RSI: 74.02184694558714, Price: 1.13703
2025-04-25 17:34:41 [INFO] -                         open     high      low    close  tick_volume  spread  real_volume  SUPERT_5_5.0  SUPERTd_5_5.0  SUPERTl_5_5.0  SUPERTs_5_5.0 supertrend_signal        adx        rsi
time                                                                                                                                                                                        
2025-04-25 17:10:00  1.13603  1.13710  1.13576  1.13638          453       8            0      1.136859             -1       1.133883       1.136859              sell  37.578260  71.145113
2025-04-25 17:15:00  1.13643  1.13659  1.13582  1.13608          380       8            0      1.136859             -1       1.133883       1.136859              sell  38.445001  64.542489
2025-04-25 17:20:00  1.13608  1.13668  1.13572  1.13617          495       8            0      1.136859             -1       1.133883       1.136859              sell  38.765984  65.606454
2025-04-25 17:25:00  1.13617  1.13693  1.13610  1.13690          501       8            0      1.132445              1       1.132445            NaN               buy  39.522823  72.927659
2025-04-25 17:30:00  1.13689  1.13717  1.13643  1.13717          378       8            0      1.132804              1       1.132804            NaN               buy  40.626912  75.105414
2025-04-25 17:34:41 [INFO] - SuperTrend: buy, ADX: 40.62691156544531, RSI: 75.10541369812616, Price: 1.13717
2025-04-25 17:34:41 [INFO] - Trailing Stop updated for EURUSD at 1.137
2025-04-25 17:35:12 [INFO] -                         open     high      low    close  tick_volume  spread  real_volume  SUPERT_5_5.0  SUPERTd_5_5.0  SUPERTl_5_5.0  SUPERTs_5_5.0 supertrend_signal        adx        rsi
time                                                                                                                                                                                        
2025-04-25 17:15:00  1.13643  1.13659  1.13582  1.13608          380       8            0      1.136859             -1       1.133883       1.136859              sell  38.445001  64.542489
2025-04-25 17:20:00  1.13608  1.13668  1.13572  1.13617          495       8            0      1.136859             -1       1.133883       1.136859              sell  38.765984  65.606454
2025-04-25 17:25:00  1.13617  1.13693  1.13610  1.13690          501       8            0      1.132445              1       1.132445            NaN               buy  39.522823  72.927659
2025-04-25 17:30:00  1.13689  1.13737  1.13643  1.13720          410       8            0      1.132704              1       1.132704            NaN               buy  40.931572  75.325950
2025-04-25 17:35:00  1.13714  1.13721  1.13707  1.13707           19      12            0      1.133643              1       1.133643            NaN               buy  42.199447  72.244464
2025-04-25 17:35:12 [INFO] - SuperTrend: buy, ADX: 42.19944678148907, RSI: 72.24446379143454, Price: 1.13707
2025-04-25 17:35:42 [INFO] -                         open     high      low    close  tick_volume  spread  real_volume  SUPERT_5_5.0  SUPERTd_5_5.0  SUPERTl_5_5.0  SUPERTs_5_5.0 supertrend_signal        adx        rsi
time                                                                                                                                                                                        
2025-04-25 17:15:00  1.13643  1.13659  1.13582  1.13608          380       8            0      1.136859             -1       1.133883       1.136859              sell  38.445001  64.542489
2025-04-25 17:20:00  1.13608  1.13668  1.13572  1.13617          495       8            0      1.136859             -1       1.133883       1.136859              sell  38.765984  65.606454
2025-04-25 17:25:00  1.13617  1.13693  1.13610  1.13690          501       8            0      1.132445              1       1.132445            NaN               buy  39.522823  72.927659
2025-04-25 17:30:00  1.13689  1.13737  1.13643  1.13720          410       8            0      1.132704              1       1.132704            NaN               buy  40.931572  75.325950
2025-04-25 17:35:00  1.13714  1.13721  1.13697  1.13698           53       9            0      1.133493              1       1.133493            NaN               buy  42.199447  70.254750
2025-04-25 17:35:42 [INFO] - SuperTrend: buy, ADX: 42.19944678148907, RSI: 70.25475037234428, Price: 1.1369799999999999
2025-04-25 17:36:12 [INFO] -                         open     high      low    close  tick_volume  spread  real_volume  SUPERT_5_5.0  SUPERTd_5_5.0  SUPERTl_5_5.0  SUPERTs_5_5.0 supertrend_signal        adx        rsi
time                                                                                                                                                                                        
2025-04-25 17:15:00  1.13643  1.13659  1.13582  1.13608          380       8            0      1.136859             -1       1.133883       1.136859              sell  38.445001  64.542489
2025-04-25 17:20:00  1.13608  1.13668  1.13572  1.13617          495       8            0      1.136859             -1       1.133883       1.136859              sell  38.765984  65.606454
2025-04-25 17:25:00  1.13617  1.13693  1.13610  1.13690          501       8            0      1.132445              1       1.132445            NaN               buy  39.522823  72.927659
2025-04-25 17:30:00  1.13689  1.13737  1.13643  1.13720          410       8            0      1.132704              1       1.132704            NaN               buy  40.931572  75.325950
2025-04-25 17:35:00  1.13714  1.13721  1.13697  1.13709           86       9            0      1.133493              1       1.133493            NaN               buy  42.199447  72.702025
2025-04-25 17:36:13 [INFO] - SuperTrend: buy, ADX: 42.19944678148907, RSI: 72.70202460701577, Price: 1.13709
2025-04-25 17:36:43 [INFO] -                         open     high      low    close  tick_volume  spread  real_volume  SUPERT_5_5.0  SUPERTd_5_5.0  SUPERTl_5_5.0  SUPERTs_5_5.0 supertrend_signal        adx        rsi
time                                                                                                                                                                                        
2025-04-25 17:15:00  1.13643  1.13659  1.13582  1.13608          380       8            0      1.136859             -1       1.133883       1.136859              sell  38.445001  64.542489
2025-04-25 17:20:00  1.13608  1.13668  1.13572  1.13617          495       8            0      1.136859             -1       1.133883       1.136859              sell  38.765984  65.606454
2025-04-25 17:25:00  1.13617  1.13693  1.13610  1.13690          501       8            0      1.132445              1       1.132445            NaN               buy  39.522823  72.927659
2025-04-25 17:30:00  1.13689  1.13737  1.13643  1.13720          410       8            0      1.132704              1       1.132704            NaN               buy  40.931572  75.325950
2025-04-25 17:35:00  1.13714  1.13721  1.13697  1.13712          115       9            0      1.133493              1       1.133493            NaN               buy  42.199447  73.399337
2025-04-25 17:36:43 [INFO] - SuperTrend: buy, ADX: 42.19944678148907, RSI: 73.39933743077124, Price: 1.13712
2025-04-25 17:37:13 [INFO] -                         open     high      low    close  tick_volume  spread  real_volume  SUPERT_5_5.0  SUPERTd_5_5.0  SUPERTl_5_5.0  SUPERTs_5_5.0 supertrend_signal        adx        rsi
time                                                                                                                                                                                        
2025-04-25 17:15:00  1.13643  1.13659  1.13582  1.13608          380       8            0      1.136859             -1       1.133883       1.136859              sell  38.445001  64.542489
2025-04-25 17:20:00  1.13608  1.13668  1.13572  1.13617          495       8            0      1.136859             -1       1.133883       1.136859              sell  38.765984  65.606454
2025-04-25 17:25:00  1.13617  1.13693  1.13610  1.13690          501       8            0      1.132445              1       1.132445            NaN               buy  39.522823  72.927659
2025-04-25 17:30:00  1.13689  1.13737  1.13643  1.13720          410       8            0      1.132704              1       1.132704            NaN               buy  40.931572  75.325950
2025-04-25 17:35:00  1.13714  1.13727  1.13697  1.13717          145       9            0      1.133463              1       1.133463            NaN               buy  42.199447  74.591734
2025-04-25 17:37:13 [INFO] - SuperTrend: buy, ADX: 42.19944678148907, RSI: 74.59173366997588, Price: 1.13717
2025-04-25 17:37:44 [INFO] -                         open     high      low    close  tick_volume  spread  real_volume  SUPERT_5_5.0  SUPERTd_5_5.0  SUPERTl_5_5.0  SUPERTs_5_5.0 supertrend_signal        adx        rsi
time                                                                                                                                                                                        
2025-04-25 17:15:00  1.13643  1.13659  1.13582  1.13608          380       8            0      1.136859             -1       1.133883       1.136859              sell  38.445001  64.542489
2025-04-25 17:20:00  1.13608  1.13668  1.13572  1.13617          495       8            0      1.136859             -1       1.133883       1.136859              sell  38.765984  65.606454
2025-04-25 17:25:00  1.13617  1.13693  1.13610  1.13690          501       8            0      1.132445              1       1.132445            NaN               buy  39.522823  72.927659
2025-04-25 17:30:00  1.13689  1.13737  1.13643  1.13720          410       8            0      1.132704              1       1.132704            NaN               buy  40.931572  75.325950
2025-04-25 17:35:00  1.13714  1.13737  1.13697  1.13737          193       8            0      1.133413              1       1.133413            NaN               buy  42.199447  76.629505
2025-04-25 17:37:44 [INFO] - SuperTrend: buy, ADX: 42.19944678148907, RSI: 76.629505024271, Price: 1.13737
2025-04-25 17:37:44 [INFO] - Trailing Stop updated for EURUSD at 1.13725
2025-04-25 17:37:44 [INFO] - Trailing Stop updated for EURUSD at 1.13725
2025-04-25 17:38:14 [INFO] -                         open     high      low    close  tick_volume  spread  real_volume  SUPERT_5_5.0  SUPERTd_5_5.0  SUPERTl_5_5.0  SUPERTs_5_5.0 supertrend_signal        adx        rsi
time                                                                                                                                                                                        
2025-04-25 17:15:00  1.13643  1.13659  1.13582  1.13608          380       8            0      1.136859             -1       1.133883       1.136859              sell  38.445001  64.542489
2025-04-25 17:20:00  1.13608  1.13668  1.13572  1.13617          495       8            0      1.136859             -1       1.133883       1.136859              sell  38.765984  65.606454
2025-04-25 17:25:00  1.13617  1.13693  1.13610  1.13690          501       8            0      1.132445              1       1.132445            NaN               buy  39.522823  72.927659
2025-04-25 17:30:00  1.13689  1.13737  1.13643  1.13720          410       8            0      1.132704              1       1.132704            NaN               buy  40.931572  75.325950
2025-04-25 17:35:00  1.13714  1.13748  1.13697  1.13739          238       8            0      1.133358              1       1.133358            NaN               buy  42.367814  76.773865
2025-04-25 17:38:14 [INFO] - SuperTrend: buy, ADX: 42.36781369581292, RSI: 76.77386499769445, Price: 1.13739
2025-04-25 17:38:35 [INFO] - Trailing Stop updated for EURUSD at 1.13726
2025-04-25 17:39:05 [INFO] -                         open     high      low    close  tick_volume  spread  real_volume  SUPERT_5_5.0  SUPERTd_5_5.0  SUPERTl_5_5.0  SUPERTs_5_5.0 supertrend_signal        adx        rsi
time                                                                                                                                                                                        
2025-04-25 17:15:00  1.13643  1.13659  1.13582  1.13608          380       8            0      1.136859             -1       1.133883       1.136859              sell  38.445001  64.542489
2025-04-25 17:20:00  1.13608  1.13668  1.13572  1.13617          495       8            0      1.136859             -1       1.133883       1.136859              sell  38.765984  65.606454
2025-04-25 17:25:00  1.13617  1.13693  1.13610  1.13690          501       8            0      1.132445              1       1.132445            NaN               buy  39.522823  72.927659
2025-04-25 17:30:00  1.13689  1.13737  1.13643  1.13720          410       8            0      1.132704              1       1.132704            NaN               buy  40.931572  75.325950
2025-04-25 17:35:00  1.13714  1.13748  1.13697  1.13735          311       8            0      1.133358              1       1.133358            NaN               buy  42.367814  76.483339
2025-04-25 17:39:05 [INFO] - SuperTrend: buy, ADX: 42.36781369581292, RSI: 76.4833393143389, Price: 1.13735
2025-04-25 17:39:36 [INFO] -                         open     high      low    close  tick_volume  spread  real_volume  SUPERT_5_5.0  SUPERTd_5_5.0  SUPERTl_5_5.0  SUPERTs_5_5.0 supertrend_signal        adx        rsi
time                                                                                                                                                                                        
2025-04-25 17:15:00  1.13643  1.13659  1.13582  1.13608          380       8            0      1.136859             -1       1.133883       1.136859              sell  38.445001  64.542489
2025-04-25 17:20:00  1.13608  1.13668  1.13572  1.13617          495       8            0      1.136859             -1       1.133883       1.136859              sell  38.765984  65.606454
2025-04-25 17:25:00  1.13617  1.13693  1.13610  1.13690          501       8            0      1.132445              1       1.132445            NaN               buy  39.522823  72.927659
2025-04-25 17:30:00  1.13689  1.13737  1.13643  1.13720          410       8            0      1.132704              1       1.132704            NaN               buy  40.931572  75.325950
2025-04-25 17:35:00  1.13714  1.13761  1.13697  1.13758          349       8            0      1.133293              1       1.133293            NaN               buy  42.551684  78.061267
2025-04-25 17:39:36 [INFO] - SuperTrend: buy, ADX: 42.551684268037356, RSI: 78.06126658149414, Price: 1.13758
2025-04-25 17:39:36 [INFO] - Trailing Stop updated for EURUSD at 1.13754
2025-04-25 17:39:36 [INFO] - Trailing Stop updated for EURUSD at 1.13752
2025-04-25 17:40:06 [INFO] -                         open     high      low    close  tick_volume  spread  real_volume  SUPERT_5_5.0  SUPERTd_5_5.0  SUPERTl_5_5.0  SUPERTs_5_5.0 supertrend_signal        adx        rsi
time                                                                                                                                                                                        
2025-04-25 17:20:00  1.13608  1.13668  1.13572  1.13617          495       8            0      1.136859             -1       1.133883       1.136859              sell  38.765984  65.606454
2025-04-25 17:25:00  1.13617  1.13693  1.13610  1.13690          501       8            0      1.132445              1       1.132445            NaN               buy  39.522823  72.927659
2025-04-25 17:30:00  1.13689  1.13737  1.13643  1.13720          410       8            0      1.132704              1       1.132704            NaN               buy  40.931572  75.325950
2025-04-25 17:35:00  1.13714  1.13780  1.13697  1.13778          384       8            0      1.133198              1       1.133198            NaN               buy  42.794754  79.270743
2025-04-25 17:40:00  1.13778  1.13778  1.13774  1.13774           11      12            0      1.134370              1       1.134370            NaN               buy  44.471618  78.311347
2025-04-25 17:40:06 [INFO] - SuperTrend: buy, ADX: 44.471617916039044, RSI: 78.31134661614675, Price: 1.13774
2025-04-25 17:40:06 [INFO] - Trailing Stop updated for EURUSD at 1.13757
2025-04-25 17:40:06 [INFO] - Trailing Stop updated for EURUSD at 1.1375600000000001
2025-04-25 17:58:28 [INFO] - Logged in as 5035498531 (Balance: 10057.75)
2025-04-25 17:58:28 [INFO] - Trading on EURUSD (5)
2025-04-25 17:58:28 [INFO] - Loaded best parameters: {'supertrend_period': 5, 'supertrend_multiplier': 5, 'adx_period': 10, 'adx_threshold': 20, 'rsi_period': 10, 'rsi_oversold': 25, 'rsi_overbought': 70}
2025-04-25 17:58:29 [INFO] -                         open     high      low    close  ...  SUPERTs_5_5.0  supertrend_signal        adx        rsi
time                                                     ...                                                        
2025-04-25 17:20:00  1.13608  1.13668  1.13572  1.13617  ...       1.136859               sell  38.765984  65.606454
2025-04-25 17:25:00  1.13617  1.13693  1.13610  1.13690  ...            NaN                buy  39.522823  72.927659
2025-04-25 17:30:00  1.13689  1.13737  1.13643  1.13720  ...            NaN                buy  40.931572  75.325950
2025-04-25 17:35:00  1.13714  1.13780  1.13697  1.13778  ...            NaN                buy  42.794754  79.270743
2025-04-25 17:40:00  1.13778  1.13783  1.13770  1.13772  ...            NaN                buy  44.511448  77.840305

[5 rows x 14 columns]
2025-04-25 17:58:29 [INFO] - SuperTrend: buy, ADX: 44.51144751675264, RSI: 77.84030479558491, Price: 1.13772
2025-04-25 17:58:29 [INFO] - No open positions.
2025-04-25 17:58:59 [INFO] -                         open     high      low    close  ...  SUPERTs_5_5.0  supertrend_signal        adx        rsi
time                                                     ...                                                        
2025-04-25 17:35:00  1.13714  1.13780  1.13697  1.13778  ...            NaN                buy  42.794754  79.270743
2025-04-25 17:40:00  1.13778  1.13802  1.13682  1.13686  ...            NaN                buy  44.746551  61.844552
2025-04-25 17:45:00  1.13686  1.13731  1.13686  1.13703  ...            NaN                buy  46.503167  63.492307
2025-04-25 17:50:00  1.13701  1.13747  1.13673  1.13697  ...            NaN                buy  48.300955  62.434945
2025-04-25 17:55:00  1.13697  1.13748  1.13680  1.13685  ...            NaN                buy  49.933099  60.206840

[5 rows x 14 columns]
2025-04-25 17:58:59 [INFO] - SuperTrend: buy, ADX: 49.93309867179296, RSI: 60.20683979934409, Price: 1.13685
2025-04-25 17:58:59 [INFO] - Sending trade request: {
    "action": 1,
    "symbol": "EURUSD",
    "volume": 0.3,
    "type": 0,
    "price": 1.13699,
    "sl": 1.13649,
    "tp": 0.0,
    "deviation": 50,
    "magic": 123456,
    "comment": "AutoTrade",
    "type_time": 0,
    "type_filling": 1
}
2025-04-25 17:58:59 [INFO] - MT5 Trade Response (Attempt 1): {'retcode': 10004, 'deal': 0, 'order': 0, 'volume': 0.0, 'price': 0.0, 'bid': 1.13686, 'ask': 1.1369799999999999, 'comment': 'Requote', 'request_id': 3583803960, 'retcode_external': 0, 'request': TradeRequest(action=1, magic=123456, order=0, symbol='EURUSD', volume=0.3, price=1.13699, stoplimit=0.0, sl=1.13649, tp=0.0, deviation=50, type=0, type_filling=1, type_time=0, expiration=0, comment='AutoTrade', position=0, position_by=0)}
2025-04-25 17:58:59 [ERROR] - Trade failed (Attempt 1): Retcode 10004 - Requote
2025-04-25 17:59:01 [INFO] - MT5 Trade Response (Attempt 2): {'retcode': 10021, 'deal': 0, 'order': 0, 'volume': 0.0, 'price': 0.0, 'bid': 0.0, 'ask': 0.0, 'comment': 'No prices', 'request_id': 0, 'retcode_external': 0, 'request': TradeRequest(action=1, magic=123456, order=0, symbol='EURUSD', volume=0.3, price=1.13699, stoplimit=0.0, sl=1.13649, tp=0.0, deviation=50, type=0, type_filling=1, type_time=0, expiration=0, comment='AutoTrade', position=0, position_by=0)}
2025-04-25 17:59:01 [ERROR] - Trade failed (Attempt 2): Retcode 10021 - No prices
2025-04-25 17:59:03 [INFO] - MT5 Trade Response (Attempt 3): {'retcode': 10021, 'deal': 0, 'order': 0, 'volume': 0.0, 'price': 0.0, 'bid': 0.0, 'ask': 0.0, 'comment': 'No prices', 'request_id': 0, 'retcode_external': 0, 'request': TradeRequest(action=1, magic=123456, order=0, symbol='EURUSD', volume=0.3, price=1.13699, stoplimit=0.0, sl=1.13649, tp=0.0, deviation=50, type=0, type_filling=1, type_time=0, expiration=0, comment='AutoTrade', position=0, position_by=0)}
2025-04-25 17:59:03 [ERROR] - Trade failed (Attempt 3): Retcode 10021 - No prices
2025-04-25 17:59:05 [INFO] - No open positions.
2025-04-25 17:59:36 [INFO] -                         open     high      low    close  ...  SUPERTs_5_5.0  supertrend_signal        adx        rsi
time                                                     ...                                                        
2025-04-25 17:35:00  1.13714  1.13780  1.13697  1.13778  ...            NaN                buy  42.794754  79.270743
2025-04-25 17:40:00  1.13778  1.13802  1.13682  1.13686  ...            NaN                buy  44.746551  61.844552
2025-04-25 17:45:00  1.13686  1.13731  1.13686  1.13703  ...            NaN                buy  46.503167  63.492307
2025-04-25 17:50:00  1.13701  1.13747  1.13673  1.13697  ...            NaN                buy  48.300955  62.434945
2025-04-25 17:55:00  1.13697  1.13748  1.13680  1.13683  ...            NaN                buy  49.933099  59.850859

[5 rows x 14 columns]
2025-04-25 17:59:36 [INFO] - SuperTrend: buy, ADX: 49.93309867179296, RSI: 59.85085855416388, Price: 1.13683
2025-04-25 17:59:36 [INFO] - Sending trade request: {
    "action": 1,
    "symbol": "EURUSD",
    "volume": 0.3,
    "type": 0,
    "price": 1.13695,
    "sl": 1.13645,
    "tp": 0.0,
    "deviation": 50,
    "magic": 123456,
    "comment": "AutoTrade",
    "type_time": 0,
    "type_filling": 1
}
2025-04-25 17:59:36 [INFO] - MT5 Trade Response (Attempt 1): {'retcode': 10009, 'deal': 52388525020, 'order': 52438409587, 'volume': 0.3, 'price': 1.13695, 'bid': 1.13683, 'ask': 1.13695, 'comment': 'Request executed', 'request_id': 3583803961, 'retcode_external': 0, 'request': TradeRequest(action=1, magic=123456, order=0, symbol='EURUSD', volume=0.3, price=1.13695, stoplimit=0.0, sl=1.13645, tp=0.0, deviation=50, type=0, type_filling=1, type_time=0, expiration=0, comment='AutoTrade', position=0, position_by=0)}
2025-04-25 17:59:36 [INFO] - Trade executed: BUY EURUSD at 1.13695
2025-04-25 18:00:06 [INFO] -                         open     high      low    close  tick_volume  spread  real_volume  SUPERT_5_5.0  SUPERTd_5_5.0  SUPERTl_5_5.0  SUPERTs_5_5.0 supertrend_signal        adx        rsi
time                                                                                                                                                                                        
2025-04-25 17:40:00  1.13778  1.13802  1.13682  1.13686          420       8            0      1.133198              1       1.133198            NaN               buy  44.746551  61.844552
2025-04-25 17:45:00  1.13686  1.13731  1.13686  1.13703          393       8            0      1.133198              1       1.133198            NaN               buy  46.503167  63.492307
2025-04-25 17:50:00  1.13701  1.13747  1.13673  1.13697          501       8            0      1.133198              1       1.133198            NaN               buy  48.300955  62.434945
2025-04-25 17:55:00  1.13697  1.13748  1.13676  1.13679          562       8            0      1.133198              1       1.133198            NaN               buy  49.933099  59.151377
2025-04-25 18:00:00  1.13680  1.13680  1.13677  1.13677            6      12            0      1.133611              1       1.133611            NaN               buy  51.402028  58.769796
2025-04-25 18:00:06 [INFO] - SuperTrend: buy, ADX: 51.4020280424007, RSI: 58.769795593440286, Price: 1.13677
2025-04-25 18:00:06 [INFO] - Skipped BUY: already open BUY on EURUSD
2025-04-25 18:00:37 [INFO] -                         open     high      low    close  tick_volume  spread  real_volume  SUPERT_5_5.0  SUPERTd_5_5.0  SUPERTl_5_5.0  SUPERTs_5_5.0 supertrend_signal        adx        rsi
time                                                                                                                                                                                        
2025-04-25 17:40:00  1.13778  1.13802  1.13682  1.13686          420       8            0      1.133198              1       1.133198            NaN               buy  44.746551  61.844552
2025-04-25 17:45:00  1.13686  1.13731  1.13686  1.13703          393       8            0      1.133198              1       1.133198            NaN               buy  46.503167  63.492307
2025-04-25 17:50:00  1.13701  1.13747  1.13673  1.13697          501       8            0      1.133198              1       1.133198            NaN               buy  48.300955  62.434945
2025-04-25 17:55:00  1.13697  1.13748  1.13676  1.13679          562       8            0      1.133198              1       1.133198            NaN               buy  49.933099  59.151377
2025-04-25 18:00:00  1.13680  1.13681  1.13669  1.13673           49       8            0      1.133486              1       1.133486            NaN               buy  50.907784  58.021214
2025-04-25 18:00:37 [INFO] - SuperTrend: buy, ADX: 50.90778442107975, RSI: 58.021213600571535, Price: 1.13673
2025-04-25 18:00:37 [INFO] - Skipped BUY: already open BUY on EURUSD
2025-04-26 00:57:49 [INFO] - Logged in as 5035498531 (Balance: 10050.89)
2025-04-26 00:57:49 [INFO] - Trading on EURUSD (5)
2025-04-26 00:57:49 [INFO] - Loaded best parameters: {'supertrend_period': 5, 'supertrend_multiplier': 5, 'adx_period': 10, 'adx_threshold': 20, 'rsi_period': 10, 'rsi_oversold': 25, 'rsi_overbought': 70}
2025-04-26 00:59:10 [INFO] - Logged in as 5035498531 (Balance: 10050.89)
2025-04-26 00:59:10 [INFO] - Trading on EURUSD (5)
2025-04-26 00:59:10 [INFO] - Loaded best parameters: {'supertrend_period': 5, 'supertrend_multiplier': 5, 'adx_period': 10, 'adx_threshold': 20, 'rsi_period': 10, 'rsi_oversold': 25, 'rsi_overbought': 70}
2025-04-26 01:00:05 [INFO] - Logged in as 5035498531 (Balance: 10050.89)
2025-04-26 01:00:05 [INFO] - Trading on EURUSD (5)
2025-04-26 01:00:05 [INFO] - Loaded best parameters: {'supertrend_period': 5, 'supertrend_multiplier': 5, 'adx_period': 10, 'adx_threshold': 20, 'rsi_period': 10, 'rsi_oversold': 25, 'rsi_overbought': 70}
2025-04-26 01:00:05 [INFO] - FUNDED MODE ENABLED: Daily loss limit protection active.
2025-04-26 01:00:05 [INFO] - [DAILY LOSS CHECK] Current P/L: 0.00, Max allowed: -502.54
2025-04-26 01:00:06 [INFO] -                         open     high      low    close  ...  SUPERTs_5_5.0  supertrend_signal        adx        rsi
time                                                     ...                                                        
2025-04-25 23:35:00  1.13578  1.13618  1.13567  1.13617  ...       1.136976               sell  48.384651  40.582016
2025-04-25 23:40:00  1.13617  1.13620  1.13598  1.13603  ...       1.136976               sell  46.770670  37.852488
2025-04-25 23:45:00  1.13607  1.13608  1.13562  1.13577  ...       1.136976               sell  46.676051  33.239229
2025-04-25 23:50:00  1.13578  1.13603  1.13566  1.13597  ...       1.136976               sell  46.590895  39.537399
2025-04-25 23:55:00  1.13597  1.13628  1.13563  1.13618  ...       1.136976               sell  44.375974  45.532260

[5 rows x 14 columns]
2025-04-26 01:00:06 [INFO] - SuperTrend: sell, ADX: 44.37597393873833, RSI: 45.53225968577082, Price: 1.13618
2025-04-26 01:00:06 [INFO] - Sending trade request: {
    "action": 1,
    "symbol": "EURUSD",
    "volume": 0.3,
    "type": 1,
    "price": 1.13618,
    "sl": 1.13668,
    "tp": 0.0,
    "deviation": 50,
    "magic": 123456,
    "comment": "AutoTrade",
    "type_time": 0,
    "type_filling": 1
}
2025-04-26 01:00:06 [INFO] - MT5 Trade Response (Attempt 1): {'retcode': 10018, 'deal': 0, 'order': 0, 'volume': 0.0, 'price': 0.0, 'bid': 0.0, 'ask': 0.0, 'comment': 'Market closed', 'request_id': 3972080968, 'retcode_external': 0, 'request': TradeRequest(action=1, magic=123456, order=0, symbol='EURUSD', volume=0.3, price=1.13618, stoplimit=0.0, sl=1.13668, tp=0.0, deviation=50, type=1, type_filling=1, type_time=0, expiration=0, comment='AutoTrade', position=0, position_by=0)}
2025-04-26 01:00:06 [ERROR] - Trade failed (Attempt 1): Retcode 10018 - Market closed
2025-04-26 01:00:08 [INFO] - MT5 Trade Response (Attempt 2): {'retcode': 10018, 'deal': 0, 'order': 0, 'volume': 0.0, 'price': 0.0, 'bid': 0.0, 'ask': 0.0, 'comment': 'Market closed', 'request_id': 3972080969, 'retcode_external': 0, 'request': TradeRequest(action=1, magic=123456, order=0, symbol='EURUSD', volume=0.3, price=1.13618, stoplimit=0.0, sl=1.13668, tp=0.0, deviation=50, type=1, type_filling=1, type_time=0, expiration=0, comment='AutoTrade', position=0, position_by=0)}
2025-04-26 01:00:08 [ERROR] - Trade failed (Attempt 2): Retcode 10018 - Market closed
2025-04-26 01:00:10 [INFO] - MT5 Trade Response (Attempt 3): {'retcode': 10018, 'deal': 0, 'order': 0, 'volume': 0.0, 'price': 0.0, 'bid': 0.0, 'ask': 0.0, 'comment': 'Market closed', 'request_id': 3972080970, 'retcode_external': 0, 'request': TradeRequest(action=1, magic=123456, order=0, symbol='EURUSD', volume=0.3, price=1.13618, stoplimit=0.0, sl=1.13668, tp=0.0, deviation=50, type=1, type_filling=1, type_time=0, expiration=0, comment='AutoTrade', position=0, position_by=0)}
2025-04-26 01:00:10 [ERROR] - Trade failed (Attempt 3): Retcode 10018 - Market closed
2025-04-26 01:00:12 [INFO] - No open positions.
